# JRE version: Java(TM) SE Runtime Environment (8.0_77-b03) (build 1.8.0_77-b03)
# Java VM: Java HotSpot(TM) 64-Bit Server VM (25.77-b03 mixed mode windows-amd64 compressed oops)
Heap:
 PSYoungGen      total 120832K, used 50807K [0x00000000d5d80000, 0x00000000e2b80000, 0x0000000100000000)
  eden space 111616K, 45% used [0x00000000d5d80000,0x00000000d8f1dd60,0x00000000dca80000)
  from space 9216K, 0% used [0x00000000dca80000,0x00000000dca80000,0x00000000dd380000)
  to   space 10752K, 0% used [0x00000000e2100000,0x00000000e2100000,0x00000000e2b80000)
 ParOldGen       total 89600K, used 15778K [0x0000000081800000, 0x0000000086f80000, 0x00000000d5d80000)
  object space 89600K, 17% used [0x0000000081800000,0x0000000082768bc0,0x0000000086f80000)
 Metaspace       used 37238K, capacity 39434K, committed 39680K, reserved 1083392K
  class space    used 5176K, capacity 5590K, committed 5632K, reserved 1048576K
GC Heap History (10 events):
Event: 3.951 GC heap before
{Heap before GC invocations=5 (full 1):
 PSYoungGen      total 71680K, used 5101K [0x00000000d5d80000, 0x00000000da880000, 0x0000000100000000)
  eden space 66560K, 0% used [0x00000000d5d80000,0x00000000d5d80000,0x00000000d9e80000)
  from space 5120K, 99% used [0x00000000da380000,0x00000000da87b6c8,0x00000000da880000)
  to   space 5120K, 0% used [0x00000000d9e80000,0x00000000d9e80000,0x00000000da380000)
 ParOldGen       total 87552K, used 7808K [0x0000000081800000, 0x0000000086d80000, 0x00000000d5d80000)
  object space 87552K, 8% used [0x0000000081800000,0x0000000081fa00f8,0x0000000086d80000)
 Metaspace       used 20163K, capacity 21252K, committed 21296K, reserved 1067008K
  class space    used 2679K, capacity 2914K, committed 2944K, reserved 1048576K
Event: 3.985 GC heap after
Heap after GC invocations=5 (full 1):
 PSYoungGen      total 71680K, used 0K [0x00000000d5d80000, 0x00000000da880000, 0x0000000100000000)
  eden space 66560K, 0% used [0x00000000d5d80000,0x00000000d5d80000,0x00000000d9e80000)
  from space 5120K, 0% used [0x00000000da380000,0x00000000da380000,0x00000000da880000)
  to   space 5120K, 0% used [0x00000000d9e80000,0x00000000d9e80000,0x00000000da380000)
 ParOldGen       total 55296K, used 7606K [0x0000000081800000, 0x0000000084e00000, 0x00000000d5d80000)
  object space 55296K, 13% used [0x0000000081800000,0x0000000081f6db00,0x0000000084e00000)
 Metaspace       used 20163K, capacity 21252K, committed 21296K, reserved 1067008K
  class space    used 2679K, capacity 2914K, committed 2944K, reserved 1048576K
}
Event: 4.617 GC heap before
{Heap before GC invocations=6 (full 1):
 PSYoungGen      total 71680K, used 66560K [0x00000000d5d80000, 0x00000000da880000, 0x0000000100000000)
  eden space 66560K, 100% used [0x00000000d5d80000,0x00000000d9e80000,0x00000000d9e80000)
  from space 5120K, 0% used [0x00000000da380000,0x00000000da380000,0x00000000da880000)
  to   space 5120K, 0% used [0x00000000d9e80000,0x00000000d9e80000,0x00000000da380000)
 ParOldGen       total 55296K, used 7606K [0x0000000081800000, 0x0000000084e00000, 0x00000000d5d80000)
  object space 55296K, 13% used [0x0000000081800000,0x0000000081f6db00,0x0000000084e00000)
 Metaspace       used 25621K, capacity 27260K, committed 27392K, reserved 1073152K
  class space    used 3476K, capacity 3784K, committed 3840K, reserved 1048576K
Event: 4.625 GC heap after
Heap after GC invocations=6 (full 1):
 PSYoungGen      total 71680K, used 5116K [0x00000000d5d80000, 0x00000000ddc80000, 0x0000000100000000)
  eden space 66560K, 0% used [0x00000000d5d80000,0x00000000d5d80000,0x00000000d9e80000)
  from space 5120K, 99% used [0x00000000d9e80000,0x00000000da37f148,0x00000000da380000)
  to   space 9216K, 0% used [0x00000000dd380000,0x00000000dd380000,0x00000000ddc80000)
 ParOldGen       total 55296K, used 10177K [0x0000000081800000, 0x0000000084e00000, 0x00000000d5d80000)
  object space 55296K, 18% used [0x0000000081800000,0x00000000821f04d0,0x0000000084e00000)
 Metaspace       used 25621K, capacity 27260K, committed 27392K, reserved 1073152K
  class space    used 3476K, capacity 3784K, committed 3840K, reserved 1048576K
}
Event: 5.095 GC heap before
{Heap before GC invocations=7 (full 1):
 PSYoungGen      total 71680K, used 71676K [0x00000000d5d80000, 0x00000000ddc80000, 0x0000000100000000)
  eden space 66560K, 100% used [0x00000000d5d80000,0x00000000d9e80000,0x00000000d9e80000)
  from space 5120K, 99% used [0x00000000d9e80000,0x00000000da37f148,0x00000000da380000)
  to   space 9216K, 0% used [0x00000000dd380000,0x00000000dd380000,0x00000000ddc80000)
 ParOldGen       total 55296K, used 10177K [0x0000000081800000, 0x0000000084e00000, 0x00000000d5d80000)
  object space 55296K, 18% used [0x0000000081800000,0x00000000821f04d0,0x0000000084e00000)
 Metaspace       used 28479K, capacity 30182K, committed 30336K, reserved 1075200K
  class space    used 3812K, capacity 4137K, committed 4224K, reserved 1048576K
Event: 5.104 GC heap after
Heap after GC invocations=7 (full 1):
 PSYoungGen      total 120832K, used 7737K [0x00000000d5d80000, 0x00000000ddc80000, 0x0000000100000000)
  eden space 111616K, 0% used [0x00000000d5d80000,0x00000000d5d80000,0x00000000dca80000)
  from space 9216K, 83% used [0x00000000dd380000,0x00000000ddb0e4a0,0x00000000ddc80000)
  to   space 9216K, 0% used [0x00000000dca80000,0x00000000dca80000,0x00000000dd380000)
 ParOldGen       total 55296K, used 10185K [0x0000000081800000, 0x0000000084e00000, 0x00000000d5d80000)
  object space 55296K, 18% used [0x0000000081800000,0x00000000821f24d0,0x0000000084e00000)
 Metaspace       used 28479K, capacity 30182K, committed 30336K, reserved 1075200K
  class space    used 3812K, capacity 4137K, committed 4224K, reserved 1048576K
}
Event: 5.515 GC heap before
{Heap before GC invocations=8 (full 1):
 PSYoungGen      total 120832K, used 54691K [0x00000000d5d80000, 0x00000000ddc80000, 0x0000000100000000)
  eden space 111616K, 42% used [0x00000000d5d80000,0x00000000d8b5aa60,0x00000000dca80000)
  from space 9216K, 83% used [0x00000000dd380000,0x00000000ddb0e4a0,0x00000000ddc80000)
  to   space 9216K, 0% used [0x00000000dca80000,0x00000000dca80000,0x00000000dd380000)
 ParOldGen       total 55296K, used 10185K [0x0000000081800000, 0x0000000084e00000, 0x00000000d5d80000)
  object space 55296K, 18% used [0x0000000081800000,0x00000000821f24d0,0x0000000084e00000)
 Metaspace       used 33454K, capacity 35338K, committed 35496K, reserved 1079296K
  class space    used 4408K, capacity 4753K, committed 4864K, reserved 1048576K
Event: 5.525 GC heap after
Heap after GC invocations=8 (full 1):
 PSYoungGen      total 120832K, used 9214K [0x00000000d5d80000, 0x00000000e2b80000, 0x0000000100000000)
  eden space 111616K, 0% used [0x00000000d5d80000,0x00000000d5d80000,0x00000000dca80000)
  from space 9216K, 99% used [0x00000000dca80000,0x00000000dd37f870,0x00000000dd380000)
  to   space 10752K, 0% used [0x00000000e2100000,0x00000000e2100000,0x00000000e2b80000)
 ParOldGen       total 55296K, used 11190K [0x0000000081800000, 0x0000000084e00000, 0x00000000d5d80000)
  object space 55296K, 20% used [0x0000000081800000,0x00000000822ed990,0x0000000084e00000)
 Metaspace       used 33454K, capacity 35338K, committed 35496K, reserved 1079296K
  class space    used 4408K, capacity 4753K, committed 4864K, reserved 1048576K
}
Event: 5.525 GC heap before
{Heap before GC invocations=9 (full 2):
 PSYoungGen      total 120832K, used 9214K [0x00000000d5d80000, 0x00000000e2b80000, 0x0000000100000000)
  eden space 111616K, 0% used [0x00000000d5d80000,0x00000000d5d80000,0x00000000dca80000)
  from space 9216K, 99% used [0x00000000dca80000,0x00000000dd37f870,0x00000000dd380000)
  to   space 10752K, 0% used [0x00000000e2100000,0x00000000e2100000,0x00000000e2b80000)
 ParOldGen       total 55296K, used 11190K [0x0000000081800000, 0x0000000084e00000, 0x00000000d5d80000)
  object space 55296K, 20% used [0x0000000081800000,0x00000000822ed990,0x0000000084e00000)
 Metaspace       used 33454K, capacity 35338K, committed 35496K, reserved 1079296K
  class space    used 4408K, capacity 4753K, committed 4864K, reserved 1048576K
Event: 5.604 GC heap after
Heap after GC invocations=9 (full 2):
 PSYoungGen      total 120832K, used 0K [0x00000000d5d80000, 0x00000000e2b80000, 0x0000000100000000)
  eden space 111616K, 0% used [0x00000000d5d80000,0x00000000d5d80000,0x00000000dca80000)
  from space 9216K, 0% used [0x00000000dca80000,0x00000000dca80000,0x00000000dd380000)
  to   space 10752K, 0% used [0x00000000e2100000,0x00000000e2100000,0x00000000e2b80000)
 ParOldGen       total 89600K, used 15778K [0x0000000081800000, 0x0000000086f80000, 0x00000000d5d80000)
  object space 89600K, 17% used [0x0000000081800000,0x0000000082768bc0,0x0000000086f80000)
 Metaspace       used 33454K, capacity 35338K, committed 35496K, reserved 1079296K
  class space    used 4408K, capacity 4753K, committed 4864K, reserved 1048576K
}

