# JRE version: Java(TM) SE Runtime Environment (8.0_77-b03) (build 1.8.0_77-b03)
# Java VM: Java HotSpot(TM) 64-Bit Server VM (25.77-b03 mixed mode windows-amd64 compressed oops)
Heap:
 PSYoungGen      total 116736K, used 50806K [0x00000000d5d80000, 0x00000000e1f80000, 0x0000000100000000)
  eden space 107520K, 47% used [0x00000000d5d80000,0x00000000d8f1d928,0x00000000dc680000)
  from space 9216K, 0% used [0x00000000dc680000,0x00000000dc680000,0x00000000dcf80000)
  to   space 10752K, 0% used [0x00000000e1500000,0x00000000e1500000,0x00000000e1f80000)
 ParOldGen       total 93184K, used 15765K [0x0000000081800000, 0x0000000087300000, 0x00000000d5d80000)
  object space 93184K, 16% used [0x0000000081800000,0x0000000082765438,0x0000000087300000)
 Metaspace       used 37347K, capacity 39606K, committed 39680K, reserved 1083392K
  class space    used 5209K, capacity 5624K, committed 5632K, reserved 1048576K
GC Heap History (10 events):
Event: 3.512 GC heap before
{Heap before GC invocations=5 (full 1):
 PSYoungGen      total 71680K, used 5112K [0x00000000d5d80000, 0x00000000da880000, 0x0000000100000000)
  eden space 66560K, 0% used [0x00000000d5d80000,0x00000000d5d80000,0x00000000d9e80000)
  from space 5120K, 99% used [0x00000000da380000,0x00000000da87e010,0x00000000da880000)
  to   space 5120K, 0% used [0x00000000d9e80000,0x00000000d9e80000,0x00000000da380000)
 ParOldGen       total 87552K, used 7672K [0x0000000081800000, 0x0000000086d80000, 0x00000000d5d80000)
  object space 87552K, 8% used [0x0000000081800000,0x0000000081f7e2e8,0x0000000086d80000)
 Metaspace       used 20165K, capacity 21252K, committed 21296K, reserved 1067008K
  class space    used 2675K, capacity 2914K, committed 2944K, reserved 1048576K
Event: 3.550 GC heap after
Heap after GC invocations=5 (full 1):
 PSYoungGen      total 71680K, used 0K [0x00000000d5d80000, 0x00000000da880000, 0x0000000100000000)
  eden space 66560K, 0% used [0x00000000d5d80000,0x00000000d5d80000,0x00000000d9e80000)
  from space 5120K, 0% used [0x00000000da380000,0x00000000da380000,0x00000000da880000)
  to   space 5120K, 0% used [0x00000000d9e80000,0x00000000d9e80000,0x00000000da380000)
 ParOldGen       total 57344K, used 7546K [0x0000000081800000, 0x0000000085000000, 0x00000000d5d80000)
  object space 57344K, 13% used [0x0000000081800000,0x0000000081f5e9d8,0x0000000085000000)
 Metaspace       used 20165K, capacity 21252K, committed 21296K, reserved 1067008K
  class space    used 2675K, capacity 2914K, committed 2944K, reserved 1048576K
}
Event: 4.187 GC heap before
{Heap before GC invocations=6 (full 1):
 PSYoungGen      total 71680K, used 66560K [0x00000000d5d80000, 0x00000000da880000, 0x0000000100000000)
  eden space 66560K, 100% used [0x00000000d5d80000,0x00000000d9e80000,0x00000000d9e80000)
  from space 5120K, 0% used [0x00000000da380000,0x00000000da380000,0x00000000da880000)
  to   space 5120K, 0% used [0x00000000d9e80000,0x00000000d9e80000,0x00000000da380000)
 ParOldGen       total 57344K, used 7546K [0x0000000081800000, 0x0000000085000000, 0x00000000d5d80000)
  object space 57344K, 13% used [0x0000000081800000,0x0000000081f5e9d8,0x0000000085000000)
 Metaspace       used 25626K, capacity 27324K, committed 27648K, reserved 1073152K
  class space    used 3474K, capacity 3784K, committed 3840K, reserved 1048576K
Event: 4.194 GC heap after
Heap after GC invocations=6 (full 1):
 PSYoungGen      total 71680K, used 5103K [0x00000000d5d80000, 0x00000000dd880000, 0x0000000100000000)
  eden space 66560K, 0% used [0x00000000d5d80000,0x00000000d5d80000,0x00000000d9e80000)
  from space 5120K, 99% used [0x00000000d9e80000,0x00000000da37be68,0x00000000da380000)
  to   space 9216K, 0% used [0x00000000dcf80000,0x00000000dcf80000,0x00000000dd880000)
 ParOldGen       total 57344K, used 10146K [0x0000000081800000, 0x0000000085000000, 0x00000000d5d80000)
  object space 57344K, 17% used [0x0000000081800000,0x00000000821e8850,0x0000000085000000)
 Metaspace       used 25626K, capacity 27324K, committed 27648K, reserved 1073152K
  class space    used 3474K, capacity 3784K, committed 3840K, reserved 1048576K
}
Event: 4.598 GC heap before
{Heap before GC invocations=7 (full 1):
 PSYoungGen      total 71680K, used 71663K [0x00000000d5d80000, 0x00000000dd880000, 0x0000000100000000)
  eden space 66560K, 100% used [0x00000000d5d80000,0x00000000d9e80000,0x00000000d9e80000)
  from space 5120K, 99% used [0x00000000d9e80000,0x00000000da37be68,0x00000000da380000)
  to   space 9216K, 0% used [0x00000000dcf80000,0x00000000dcf80000,0x00000000dd880000)
 ParOldGen       total 57344K, used 10146K [0x0000000081800000, 0x0000000085000000, 0x00000000d5d80000)
  object space 57344K, 17% used [0x0000000081800000,0x00000000821e8850,0x0000000085000000)
 Metaspace       used 28477K, capacity 30246K, committed 30336K, reserved 1075200K
  class space    used 3808K, capacity 4137K, committed 4224K, reserved 1048576K
Event: 4.607 GC heap after
Heap after GC invocations=7 (full 1):
 PSYoungGen      total 116736K, used 7671K [0x00000000d5d80000, 0x00000000dd980000, 0x0000000100000000)
  eden space 107520K, 0% used [0x00000000d5d80000,0x00000000d5d80000,0x00000000dc680000)
  from space 9216K, 83% used [0x00000000dcf80000,0x00000000dd6fdc40,0x00000000dd880000)
  to   space 9216K, 0% used [0x00000000dc680000,0x00000000dc680000,0x00000000dcf80000)
 ParOldGen       total 57344K, used 10218K [0x0000000081800000, 0x0000000085000000, 0x00000000d5d80000)
  object space 57344K, 17% used [0x0000000081800000,0x00000000821fa860,0x0000000085000000)
 Metaspace       used 28477K, capacity 30246K, committed 30336K, reserved 1075200K
  class space    used 3808K, capacity 4137K, committed 4224K, reserved 1048576K
}
Event: 5.033 GC heap before
{Heap before GC invocations=8 (full 1):
 PSYoungGen      total 116736K, used 52889K [0x00000000d5d80000, 0x00000000dd980000, 0x0000000100000000)
  eden space 107520K, 42% used [0x00000000d5d80000,0x00000000d89a8830,0x00000000dc680000)
  from space 9216K, 83% used [0x00000000dcf80000,0x00000000dd6fdc40,0x00000000dd880000)
  to   space 9216K, 0% used [0x00000000dc680000,0x00000000dc680000,0x00000000dcf80000)
 ParOldGen       total 57344K, used 10218K [0x0000000081800000, 0x0000000085000000, 0x00000000d5d80000)
  object space 57344K, 17% used [0x0000000081800000,0x00000000821fa860,0x0000000085000000)
 Metaspace       used 33470K, capacity 35338K, committed 35496K, reserved 1079296K
  class space    used 4404K, capacity 4753K, committed 4864K, reserved 1048576K
Event: 5.044 GC heap after
Heap after GC invocations=8 (full 1):
 PSYoungGen      total 116736K, used 9189K [0x00000000d5d80000, 0x00000000e1f80000, 0x0000000100000000)
  eden space 107520K, 0% used [0x00000000d5d80000,0x00000000d5d80000,0x00000000dc680000)
  from space 9216K, 99% used [0x00000000dc680000,0x00000000dcf79400,0x00000000dcf80000)
  to   space 10752K, 0% used [0x00000000e1500000,0x00000000e1500000,0x00000000e1f80000)
 ParOldGen       total 57344K, used 11210K [0x0000000081800000, 0x0000000085000000, 0x00000000d5d80000)
  object space 57344K, 19% used [0x0000000081800000,0x00000000822f2850,0x0000000085000000)
 Metaspace       used 33470K, capacity 35338K, committed 35496K, reserved 1079296K
  class space    used 4404K, capacity 4753K, committed 4864K, reserved 1048576K
}
Event: 5.044 GC heap before
{Heap before GC invocations=9 (full 2):
 PSYoungGen      total 116736K, used 9189K [0x00000000d5d80000, 0x00000000e1f80000, 0x0000000100000000)
  eden space 107520K, 0% used [0x00000000d5d80000,0x00000000d5d80000,0x00000000dc680000)
  from space 9216K, 99% used [0x00000000dc680000,0x00000000dcf79400,0x00000000dcf80000)
  to   space 10752K, 0% used [0x00000000e1500000,0x00000000e1500000,0x00000000e1f80000)
 ParOldGen       total 57344K, used 11210K [0x0000000081800000, 0x0000000085000000, 0x00000000d5d80000)
  object space 57344K, 19% used [0x0000000081800000,0x00000000822f2850,0x0000000085000000)
 Metaspace       used 33470K, capacity 35338K, committed 35496K, reserved 1079296K
  class space    used 4404K, capacity 4753K, committed 4864K, reserved 1048576K
Event: 5.120 GC heap after
Heap after GC invocations=9 (full 2):
 PSYoungGen      total 116736K, used 0K [0x00000000d5d80000, 0x00000000e1f80000, 0x0000000100000000)
  eden space 107520K, 0% used [0x00000000d5d80000,0x00000000d5d80000,0x00000000dc680000)
  from space 9216K, 0% used [0x00000000dc680000,0x00000000dc680000,0x00000000dcf80000)
  to   space 10752K, 0% used [0x00000000e1500000,0x00000000e1500000,0x00000000e1f80000)
 ParOldGen       total 93184K, used 15765K [0x0000000081800000, 0x0000000087300000, 0x00000000d5d80000)
  object space 93184K, 16% used [0x0000000081800000,0x0000000082765438,0x0000000087300000)
 Metaspace       used 33470K, capacity 35338K, committed 35496K, reserved 1079296K
  class space    used 4404K, capacity 4753K, committed 4864K, reserved 1048576K
}

